<?xml version="1.0" encoding="UTF-8" ?>
<testsuite tests="3" failures="0" name="com.baeldung.methodorders.NameAscendingOrderOfExecutionUnitTest" time="0" errors="0" skipped="0">
  <properties>
[...]
</properties>
  <testcase classname="com.baeldung.methodorders.NameAscendingOrderOfExecutionUnitTest" name="firstTest" time="0"/>
  <testcase classname="com.baeldung.methodorders.NameAscendingOrderOfExecutionUnitTest" name="secondTest" time="0"/>
  <testcase classname="com.baeldung.methodorders.NameAscendingOrderOfExecutionUnitTest" name="thirdTest" time="0"/>
</testsuite>